<?xml version="1.0" encoding="UTF-8"?>
<!-- Generated by org.testng.reporters.JUnitXMLReporter -->
<testsuite hostname="DESKTOP-IUTETS9" ignored="2" name="Test" tests="4" failures="0" timestamp="16 Aug 2019 16:32:04 GMT" time="0.078" errors="0">
  <testcase name="Login" time="0.023" classname="practice.Group"/>
  <testcase name="Submit" time="0.002" classname="practice.Group"/>
  <testcase name="test1" time="0.002" classname="practice.Groups2"/>
  <testcase name="test2" time="0.001" classname="practice.Groups2"/>
  <testcase name="Submit1" time="0.0" classname="practice.Group">
    <ignored/>
  </testcase> <!-- Submit1 -->
  <testcase name="Homepage" time="0.0" classname="practice.Group">
    <ignored/>
  </testcase> <!-- Homepage -->
</testsuite> <!-- Test -->
