<?xml version="1.0" encoding="UTF-8"?>
<testng-results skipped="0" failed="0" ignored="0" total="1" passed="1">
  <reporter-output>
  </reporter-output>
  <suite name="Default suite" duration-ms="13673" started-at="2019-02-27T00:00:59Z" finished-at="2019-02-27T00:01:12Z">
    <groups>
    </groups>
    <test name="Default test" duration-ms="13673" started-at="2019-02-27T00:00:59Z" finished-at="2019-02-27T00:01:12Z">
      <class name="com.bl.base.Base">
        <test-method status="PASS" signature="beforeClass()[pri:0, instance:com.bl.base.Base@5622fdf]" name="beforeClass" duration-ms="13615" started-at="2019-02-27T00:00:59Z" finished-at="2019-02-27T00:01:12Z">
          <reporter-output>
          </reporter-output>
        </test-method> <!-- beforeClass -->
      </class> <!-- com.bl.base.Base -->
    </test> <!-- Default test -->
  </suite> <!-- Default suite -->
</testng-results>
