<?xml version="1.0" encoding="UTF-8"?>
<!-- Generated by org.testng.reporters.JUnitXMLReporter -->
<testsuite hostname="DESKTOP-IUTETS9" ignored="0" name="Default test" tests="13" failures="1" timestamp="05 Sep 2019 21:45:43 GMT" time="0.272" errors="0">
  <testcase name="duplicatesWithLength2" time="0.01" classname="com.wbl.test.RemoveDuplicatesTest"/>
  <testcase name="emptyArray" time="0.012" classname="com.wbl.test.RemoveDuplicatesTest"/>
  <testcase name="length1" time="0.0" classname="com.wbl.test.RemoveDuplicatesTest"/>
  <testcase name="lengthBelow2" time="0.0" classname="com.wbl.test.RemoveDuplicatesTest"/>
  <testcase name="mixedValuesTest" time="0.002" classname="com.wbl.test.RemoveDuplicatesTest"/>
  <testcase name="negativeNumbers" time="0.008" classname="com.wbl.test.RemoveDuplicatesTest"/>
  <testcase name="nonDuplicateTest" time="0.0" classname="com.wbl.test.RemoveDuplicatesTest"/>
  <testcase name="nullArray" time="0.008" classname="com.wbl.test.RemoveDuplicatesTest">
    <failure type="java.lang.NullPointerException">
      <![CDATA[java.lang.NullPointerException
at com.wbl.logic.RemoveDuplicateInArray.getArraySize(RemoveDuplicateInArray.java:7)
at com.wbl.test.RemoveDuplicatesTest.nullArray(RemoveDuplicatesTest.java:104)
at sun.reflect.NativeMethodAccessorImpl.invoke0(Native Method)
at sun.reflect.NativeMethodAccessorImpl.invoke(Unknown Source)
at sun.reflect.DelegatingMethodAccessorImpl.invoke(Unknown Source)
at java.lang.reflect.Method.invoke(Unknown Source)
at org.testng.internal.MethodInvocationHelper.invokeMethod(MethodInvocationHelper.java:124)
at org.testng.internal.Invoker.invokeMethod(Invoker.java:583)
at org.testng.internal.Invoker.invokeTestMethod(Invoker.java:719)
at org.testng.internal.Invoker.invokeTestMethods(Invoker.java:989)
at org.testng.internal.TestMethodWorker.invokeTestMethods(TestMethodWorker.java:125)
at org.testng.internal.TestMethodWorker.run(TestMethodWorker.java:109)
at org.testng.TestRunner.privateRun(TestRunner.java:648)
at org.testng.TestRunner.run(TestRunner.java:505)
at org.testng.SuiteRunner.runTest(SuiteRunner.java:455)
at org.testng.SuiteRunner.runSequentially(SuiteRunner.java:450)
at org.testng.SuiteRunner.privateRun(SuiteRunner.java:415)
at org.testng.SuiteRunner.run(SuiteRunner.java:364)
at org.testng.SuiteRunnerWorker.runSuite(SuiteRunnerWorker.java:52)
at org.testng.SuiteRunnerWorker.run(SuiteRunnerWorker.java:84)
at org.testng.TestNG.runSuitesSequentially(TestNG.java:1208)
at org.testng.TestNG.runSuitesLocally(TestNG.java:1137)
at org.testng.TestNG.runSuites(TestNG.java:1049)
at org.testng.TestNG.run(TestNG.java:1017)
at org.testng.remote.AbstractRemoteTestNG.run(AbstractRemoteTestNG.java:114)
at org.testng.remote.RemoteTestNG.initAndRun(RemoteTestNG.java:251)
at org.testng.remote.RemoteTestNG.main(RemoteTestNG.java:77)
]]>
    </failure>
  </testcase> <!-- nullArray -->
  <testcase name="positiveNegativeZeroTest" time="0.059" classname="com.wbl.test.RemoveDuplicatesTest"/>
  <testcase name="sortedArrayWithDuplicates" time="0.0" classname="com.wbl.test.RemoveDuplicatesTest"/>
  <testcase name="unsoretdArrayWithDuplicates" time="0.008" classname="com.wbl.test.RemoveDuplicatesTest"/>
  <testcase name="withDuplicates" time="0.01" classname="com.wbl.test.RemoveDuplicatesTest"/>
  <testcase name="zeroArray" time="0.008" classname="com.wbl.test.RemoveDuplicatesTest"/>
</testsuite> <!-- Default test -->
