<?xml version="1.0" encoding="UTF-8"?>
<testng-results skipped="0" failed="0" ignored="0" total="1" passed="1">
  <reporter-output>
  </reporter-output>
  <suite name="Default suite" duration-ms="6081" started-at="2019-08-29T21:28:05Z" finished-at="2019-08-29T21:28:11Z">
    <groups>
    </groups>
    <test name="Default test" duration-ms="6081" started-at="2019-08-29T21:28:05Z" finished-at="2019-08-29T21:28:11Z">
      <class name="com.test.GetTes">
        <test-method status="PASS" signature="beforeSuite()[pri:0, instance:com.test.GetTes@3ffc5af1]" name="beforeSuite" is-config="true" duration-ms="31" started-at="2019-08-29T21:28:05Z" finished-at="2019-08-29T21:28:05Z">
          <reporter-output>
          </reporter-output>
        </test-method> <!-- beforeSuite -->
        <test-method status="PASS" signature="getReq()[pri:0, instance:com.test.GetTes@3ffc5af1]" name="getReq" duration-ms="6033" started-at="2019-08-29T21:28:05Z" finished-at="2019-08-29T21:28:11Z">
          <reporter-output>
          </reporter-output>
        </test-method> <!-- getReq -->
      </class> <!-- com.test.GetTes -->
    </test> <!-- Default test -->
  </suite> <!-- Default suite -->
</testng-results>
