<?xml version="1.0" encoding="UTF-8"?>
<testng-results skipped="0" failed="0" ignored="0" total="1" passed="1">
  <reporter-output>
  </reporter-output>
  <suite name="Default suite" duration-ms="29956" started-at="2019-09-16T23:48:19Z" finished-at="2019-09-16T23:48:49Z">
    <groups>
    </groups>
    <test name="Default test" duration-ms="29956" started-at="2019-09-16T23:48:19Z" finished-at="2019-09-16T23:48:49Z">
      <class name="WindowHandels">
        <test-method status="PASS" signature="swithchingToChildWindow()[pri:0, instance:WindowHandels@78e67e0a]" name="swithchingToChildWindow" duration-ms="29914" started-at="2019-09-16T23:48:19Z" finished-at="2019-09-16T23:48:49Z">
          <reporter-output>
          </reporter-output>
        </test-method> <!-- swithchingToChildWindow -->
      </class> <!-- WindowHandels -->
    </test> <!-- Default test -->
  </suite> <!-- Default suite -->
</testng-results>
