<?xml version="1.0" encoding="UTF-8"?>
<testng-results skipped="0" failed="0" ignored="0" total="1" passed="1">
  <reporter-output>
  </reporter-output>
  <suite name="Default suite" duration-ms="3499" started-at="2019-08-03T00:08:42Z" finished-at="2019-08-03T00:08:46Z">
    <groups>
    </groups>
    <test name="Default test" duration-ms="3499" started-at="2019-08-03T00:08:42Z" finished-at="2019-08-03T00:08:46Z">
      <class name="com.wbl.FirstApiTest">
        <test-method status="PASS" signature="getTest()[pri:0, instance:com.wbl.FirstApiTest@4f933fd1]" name="getTest" duration-ms="3429" started-at="2019-08-03T00:08:42Z" finished-at="2019-08-03T00:08:46Z">
          <reporter-output>
          </reporter-output>
        </test-method> <!-- getTest -->
      </class> <!-- com.wbl.FirstApiTest -->
    </test> <!-- Default test -->
  </suite> <!-- Default suite -->
</testng-results>
