<?xml version="1.0" encoding="UTF-8"?>
<!-- Generated by org.testng.reporters.JUnitXMLReporter -->
<testsuite hostname="DESKTOP-IUTETS9" ignored="0" name="Default test" tests="5" failures="0" timestamp="22 Sep 2019 13:18:17 GMT" time="0.116" errors="0">
  <testcase name="abc1" time="0.02" classname="Com.wbl.Test.Priority"/>
  <testcase name="bca" time="0.004" classname="Com.wbl.Test.Priority"/>
  <testcase name="xyz" time="0.003" classname="Com.wbl.Test.Priority"/>
  <testcase name="pqr" time="0.004" classname="Com.wbl.Test.Priority"/>
  <testcase name="getTest" time="0.005" classname="Com.wbl.Test.Priority"/>
</testsuite> <!-- Default test -->
