<?xml version="1.0" encoding="UTF-8"?>
<!-- Generated by org.testng.reporters.JUnitXMLReporter -->
<testsuite hostname="DESKTOP-IUTETS9" ignored="0" name="Default test" tests="4" failures="0" timestamp="11 Apr 2019 16:27:07 GMT" time="0.054" errors="0">
  <testcase name="@BeforeSuite beforeSuite" time="0.096" classname="com.wbl.bas.BaseApiTest">
    <failure type="java.io.FileNotFoundException" message="C:\Users\Training\eclipse-workspace\HttpClient\resources\config.propeties (The system cannot find the file specified)">
      <![CDATA[java.io.FileNotFoundException: C:\Users\Training\eclipse-workspace\HttpClient\resources\config.propeties (The system cannot find the file specified)
at java.io.FileInputStream.open0(Native Method)
at java.io.FileInputStream.open(Unknown Source)
at java.io.FileInputStream.<init>(Unknown Source)
at java.io.FileInputStream.<init>(Unknown Source)
at com.wbl.helper.ConfigUtils.loadPoperties(ConfigUtils.java:13)
at com.wbl.bas.BaseApiTest.beforeSuite(BaseApiTest.java:17)
at sun.reflect.NativeMethodAccessorImpl.invoke0(Native Method)
at sun.reflect.NativeMethodAccessorImpl.invoke(Unknown Source)
at sun.reflect.DelegatingMethodAccessorImpl.invoke(Unknown Source)
at java.lang.reflect.Method.invoke(Unknown Source)
at org.testng.internal.MethodInvocationHelper.invokeMethod(MethodInvocationHelper.java:124)
at org.testng.internal.MethodInvocationHelper.invokeMethodConsideringTimeout(MethodInvocationHelper.java:59)
at org.testng.internal.Invoker.invokeConfigurationMethod(Invoker.java:458)
at org.testng.internal.Invoker.invokeConfigurations(Invoker.java:222)
at org.testng.internal.Invoker.invokeConfigurations(Invoker.java:142)
at org.testng.SuiteRunner.privateRun(SuiteRunner.java:401)
at org.testng.SuiteRunner.run(SuiteRunner.java:364)
at org.testng.SuiteRunnerWorker.runSuite(SuiteRunnerWorker.java:52)
at org.testng.SuiteRunnerWorker.run(SuiteRunnerWorker.java:84)
at org.testng.TestNG.runSuitesSequentially(TestNG.java:1208)
at org.testng.TestNG.runSuitesLocally(TestNG.java:1137)
at org.testng.TestNG.runSuites(TestNG.java:1049)
at org.testng.TestNG.run(TestNG.java:1017)
at org.testng.remote.AbstractRemoteTestNG.run(AbstractRemoteTestNG.java:114)
at org.testng.remote.RemoteTestNG.initAndRun(RemoteTestNG.java:251)
at org.testng.remote.RemoteTestNG.main(RemoteTestNG.java:77)
]]>
    </failure>
  </testcase> <!-- @BeforeSuite beforeSuite -->
  <testcase name="@BeforeClass beforeClass" time="0.0" classname="com.wwbl.test.TalentScreenTest">
    <skipped/>
  </testcase> <!-- @BeforeClass beforeClass -->
  <testcase name="deleteSubjectsTest" time="0.0" classname="com.wwbl.test.TalentScreenTest">
    <skipped/>
  </testcase> <!-- deleteSubjectsTest -->
  <testcase name="getSubjectsTest" time="0.0" classname="com.wwbl.test.TalentScreenTest">
    <skipped/>
  </testcase> <!-- getSubjectsTest -->
  <testcase name="postSubjectsTest" time="0.0" classname="com.wwbl.test.TalentScreenTest">
    <skipped/>
  </testcase> <!-- postSubjectsTest -->
  <testcase name="putSubjectsTest" time="0.0" classname="com.wwbl.test.TalentScreenTest">
    <skipped/>
  </testcase> <!-- putSubjectsTest -->
</testsuite> <!-- Default test -->
