<?xml version="1.0" encoding="UTF-8"?>
<testng-results skipped="0" failed="0" ignored="0" total="2" passed="2">
  <reporter-output>
  </reporter-output>
  <suite name="Default suite" duration-ms="8950" started-at="2019-07-19T19:13:01Z" finished-at="2019-07-19T19:13:10Z">
    <groups>
    </groups>
    <test name="Default test" duration-ms="8950" started-at="2019-07-19T19:13:01Z" finished-at="2019-07-19T19:13:10Z">
      <class name="GetReq">
        <test-method status="PASS" signature="postTest()[pri:0, instance:GetReq@14acaea5]" name="postTest" duration-ms="2483" started-at="2019-07-19T19:13:01Z" finished-at="2019-07-19T19:13:04Z">
          <reporter-output>
          </reporter-output>
        </test-method> <!-- postTest -->
        <test-method status="PASS" signature="test1()[pri:0, instance:GetReq@14acaea5]" name="test1" duration-ms="6394" started-at="2019-07-19T19:13:04Z" finished-at="2019-07-19T19:13:10Z">
          <reporter-output>
          </reporter-output>
        </test-method> <!-- test1 -->
      </class> <!-- GetReq -->
    </test> <!-- Default test -->
  </suite> <!-- Default suite -->
</testng-results>
