<?xml version="1.0" encoding="UTF-8"?>
<testng-results skipped="0" failed="0" ignored="0" total="1" passed="1">
  <reporter-output>
  </reporter-output>
  <suite name="Default suite" duration-ms="19639" started-at="2019-03-22T23:04:01Z" finished-at="2019-03-22T23:04:21Z">
    <groups>
    </groups>
    <test name="Default test" duration-ms="19639" started-at="2019-03-22T23:04:01Z" finished-at="2019-03-22T23:04:21Z">
      <class name="mobile.Guru99.homepage">
        <test-method status="PASS" signature="test()[pri:0, instance:mobile.Guru99.homepage@5c7fa833]" name="test" duration-ms="19573" started-at="2019-03-22T23:04:02Z" finished-at="2019-03-22T23:04:21Z">
          <reporter-output>
          </reporter-output>
        </test-method> <!-- test -->
      </class> <!-- mobile.Guru99.homepage -->
    </test> <!-- Default test -->
  </suite> <!-- Default suite -->
</testng-results>
