<?xml version="1.0" encoding="UTF-8"?>
<testng-results skipped="0" failed="1" ignored="0" total="13" passed="12">
  <reporter-output>
  </reporter-output>
  <suite name="Default suite" duration-ms="272" started-at="2019-09-05T21:45:43Z" finished-at="2019-09-05T21:45:43Z">
    <groups>
    </groups>
    <test name="Default test" duration-ms="272" started-at="2019-09-05T21:45:43Z" finished-at="2019-09-05T21:45:43Z">
      <class name="com.wbl.test.RemoveDuplicatesTest">
        <test-method status="PASS" signature="beforeClass()[pri:0, instance:com.wbl.test.RemoveDuplicatesTest@100fc185]" name="beforeClass" is-config="true" duration-ms="51" started-at="2019-09-05T21:45:43Z" finished-at="2019-09-05T21:45:43Z">
          <reporter-output>
          </reporter-output>
        </test-method> <!-- beforeClass -->
        <test-method status="PASS" signature="duplicatesWithLength2()[pri:0, instance:com.wbl.test.RemoveDuplicatesTest@100fc185]" name="duplicatesWithLength2" duration-ms="10" started-at="2019-09-05T21:45:43Z" finished-at="2019-09-05T21:45:43Z">
          <reporter-output>
          </reporter-output>
        </test-method> <!-- duplicatesWithLength2 -->
        <test-method status="PASS" signature="emptyArray()[pri:0, instance:com.wbl.test.RemoveDuplicatesTest@100fc185]" name="emptyArray" duration-ms="12" started-at="2019-09-05T21:45:43Z" finished-at="2019-09-05T21:45:43Z">
          <reporter-output>
          </reporter-output>
        </test-method> <!-- emptyArray -->
        <test-method status="PASS" signature="lengthBelow2()[pri:0, instance:com.wbl.test.RemoveDuplicatesTest@100fc185]" name="lengthBelow2" duration-ms="0" started-at="2019-09-05T21:45:43Z" finished-at="2019-09-05T21:45:43Z">
          <reporter-output>
          </reporter-output>
        </test-method> <!-- lengthBelow2 -->
        <test-method status="PASS" signature="length1()[pri:0, instance:com.wbl.test.RemoveDuplicatesTest@100fc185]" name="length1" duration-ms="0" started-at="2019-09-05T21:45:43Z" finished-at="2019-09-05T21:45:43Z">
          <reporter-output>
          </reporter-output>
        </test-method> <!-- length1 -->
        <test-method status="PASS" signature="mixedValuesTest()[pri:0, instance:com.wbl.test.RemoveDuplicatesTest@100fc185]" name="mixedValuesTest" duration-ms="2" started-at="2019-09-05T21:45:43Z" finished-at="2019-09-05T21:45:43Z">
          <reporter-output>
          </reporter-output>
        </test-method> <!-- mixedValuesTest -->
        <test-method status="PASS" signature="negativeNumbers()[pri:0, instance:com.wbl.test.RemoveDuplicatesTest@100fc185]" name="negativeNumbers" duration-ms="8" started-at="2019-09-05T21:45:43Z" finished-at="2019-09-05T21:45:43Z">
          <reporter-output>
          </reporter-output>
        </test-method> <!-- negativeNumbers -->
        <test-method status="FAIL" signature="nullArray()[pri:0, instance:com.wbl.test.RemoveDuplicatesTest@100fc185]" name="nullArray" duration-ms="8" started-at="2019-09-05T21:45:43Z" finished-at="2019-09-05T21:45:43Z">
          <exception class="java.lang.NullPointerException">
            <full-stacktrace>
              <![CDATA[java.lang.NullPointerException
at com.wbl.logic.RemoveDuplicateInArray.getArraySize(RemoveDuplicateInArray.java:7)
at com.wbl.test.RemoveDuplicatesTest.nullArray(RemoveDuplicatesTest.java:104)
at sun.reflect.NativeMethodAccessorImpl.invoke0(Native Method)
at sun.reflect.NativeMethodAccessorImpl.invoke(Unknown Source)
at sun.reflect.DelegatingMethodAccessorImpl.invoke(Unknown Source)
at java.lang.reflect.Method.invoke(Unknown Source)
at org.testng.internal.MethodInvocationHelper.invokeMethod(MethodInvocationHelper.java:124)
at org.testng.internal.Invoker.invokeMethod(Invoker.java:583)
at org.testng.internal.Invoker.invokeTestMethod(Invoker.java:719)
at org.testng.internal.Invoker.invokeTestMethods(Invoker.java:989)
at org.testng.internal.TestMethodWorker.invokeTestMethods(TestMethodWorker.java:125)
at org.testng.internal.TestMethodWorker.run(TestMethodWorker.java:109)
at org.testng.TestRunner.privateRun(TestRunner.java:648)
at org.testng.TestRunner.run(TestRunner.java:505)
at org.testng.SuiteRunner.runTest(SuiteRunner.java:455)
at org.testng.SuiteRunner.runSequentially(SuiteRunner.java:450)
at org.testng.SuiteRunner.privateRun(SuiteRunner.java:415)
at org.testng.SuiteRunner.run(SuiteRunner.java:364)
at org.testng.SuiteRunnerWorker.runSuite(SuiteRunnerWorker.java:52)
at org.testng.SuiteRunnerWorker.run(SuiteRunnerWorker.java:84)
at org.testng.TestNG.runSuitesSequentially(TestNG.java:1208)
at org.testng.TestNG.runSuitesLocally(TestNG.java:1137)
at org.testng.TestNG.runSuites(TestNG.java:1049)
at org.testng.TestNG.run(TestNG.java:1017)
at org.testng.remote.AbstractRemoteTestNG.run(AbstractRemoteTestNG.java:114)
at org.testng.remote.RemoteTestNG.initAndRun(RemoteTestNG.java:251)
at org.testng.remote.RemoteTestNG.main(RemoteTestNG.java:77)
]]>
            </full-stacktrace>
          </exception> <!-- java.lang.NullPointerException -->
          <reporter-output>
          </reporter-output>
        </test-method> <!-- nullArray -->
        <test-method status="PASS" signature="nonDuplicateTest()[pri:0, instance:com.wbl.test.RemoveDuplicatesTest@100fc185]" name="nonDuplicateTest" duration-ms="0" started-at="2019-09-05T21:45:43Z" finished-at="2019-09-05T21:45:43Z">
          <reporter-output>
          </reporter-output>
        </test-method> <!-- nonDuplicateTest -->
        <test-method status="PASS" signature="positiveNegativeZeroTest()[pri:0, instance:com.wbl.test.RemoveDuplicatesTest@100fc185]" name="positiveNegativeZeroTest" duration-ms="59" started-at="2019-09-05T21:45:43Z" finished-at="2019-09-05T21:45:43Z">
          <reporter-output>
          </reporter-output>
        </test-method> <!-- positiveNegativeZeroTest -->
        <test-method status="PASS" signature="sortedArrayWithDuplicates()[pri:0, instance:com.wbl.test.RemoveDuplicatesTest@100fc185]" name="sortedArrayWithDuplicates" duration-ms="0" started-at="2019-09-05T21:45:43Z" finished-at="2019-09-05T21:45:43Z">
          <reporter-output>
          </reporter-output>
        </test-method> <!-- sortedArrayWithDuplicates -->
        <test-method status="PASS" signature="unsoretdArrayWithDuplicates()[pri:0, instance:com.wbl.test.RemoveDuplicatesTest@100fc185]" name="unsoretdArrayWithDuplicates" duration-ms="8" started-at="2019-09-05T21:45:43Z" finished-at="2019-09-05T21:45:43Z">
          <reporter-output>
          </reporter-output>
        </test-method> <!-- unsoretdArrayWithDuplicates -->
        <test-method status="PASS" signature="withDuplicates()[pri:0, instance:com.wbl.test.RemoveDuplicatesTest@100fc185]" name="withDuplicates" duration-ms="10" started-at="2019-09-05T21:45:43Z" finished-at="2019-09-05T21:45:43Z">
          <reporter-output>
          </reporter-output>
        </test-method> <!-- withDuplicates -->
        <test-method status="PASS" signature="zeroArray()[pri:0, instance:com.wbl.test.RemoveDuplicatesTest@100fc185]" name="zeroArray" duration-ms="8" started-at="2019-09-05T21:45:43Z" finished-at="2019-09-05T21:45:43Z">
          <reporter-output>
          </reporter-output>
        </test-method> <!-- zeroArray -->
      </class> <!-- com.wbl.test.RemoveDuplicatesTest -->
    </test> <!-- Default test -->
  </suite> <!-- Default suite -->
</testng-results>
