<?xml version="1.0" encoding="UTF-8"?>
<!-- Generated by org.testng.reporters.JUnitXMLReporter -->
<testsuite hostname="DESKTOP-IUTETS9" ignored="0" name="Method Test Cases" tests="7" failures="0" timestamp="22 Sep 2019 13:27:31 GMT" time="0.124" errors="0">
  <testcase name="dataCheck" time="0.015" classname="Com.wbl.Test.DataprovidrClass"/>
  <testcase name="dataCheck" time="0.006" classname="Com.wbl.Test.DataprovidrClass"/>
  <testcase name="abc1" time="0.004" classname="Com.wbl.Test.Priority"/>
  <testcase name="bca" time="0.002" classname="Com.wbl.Test.Priority"/>
  <testcase name="xyz" time="0.007" classname="Com.wbl.Test.Priority"/>
  <testcase name="pqr" time="0.009" classname="Com.wbl.Test.Priority"/>
  <testcase name="getTest" time="0.003" classname="Com.wbl.Test.Priority"/>
</testsuite> <!-- Method Test Cases -->
