<?xml version="1.0" encoding="UTF-8"?>
<testng-results skipped="0" failed="0" ignored="0" total="7" passed="7">
  <reporter-output>
  </reporter-output>
  <suite name="Sample Test Suite" duration-ms="124" started-at="2019-09-22T13:27:31Z" finished-at="2019-09-22T13:27:31Z">
    <groups>
    </groups>
    <test name="Method Test Cases" duration-ms="124" started-at="2019-09-22T13:27:31Z" finished-at="2019-09-22T13:27:31Z">
      <class name="Com.wbl.Test.Priority">
        <test-method status="PASS" signature="abc1()[pri:0, instance:Com.wbl.Test.Priority@215be6bb]" name="abc1" duration-ms="4" started-at="2019-09-22T13:27:31Z" finished-at="2019-09-22T13:27:31Z">
          <reporter-output>
          </reporter-output>
        </test-method> <!-- abc1 -->
        <test-method status="PASS" signature="bca()[pri:0, instance:Com.wbl.Test.Priority@215be6bb]" name="bca" duration-ms="2" started-at="2019-09-22T13:27:31Z" finished-at="2019-09-22T13:27:31Z">
          <reporter-output>
          </reporter-output>
        </test-method> <!-- bca -->
        <test-method status="PASS" signature="xyz()[pri:0, instance:Com.wbl.Test.Priority@215be6bb]" name="xyz" duration-ms="7" started-at="2019-09-22T13:27:31Z" finished-at="2019-09-22T13:27:31Z">
          <reporter-output>
          </reporter-output>
        </test-method> <!-- xyz -->
        <test-method status="PASS" signature="pqr()[pri:1, instance:Com.wbl.Test.Priority@215be6bb]" name="pqr" duration-ms="9" started-at="2019-09-22T13:27:31Z" finished-at="2019-09-22T13:27:31Z">
          <reporter-output>
          </reporter-output>
        </test-method> <!-- pqr -->
        <test-method status="PASS" signature="getTest()[pri:2, instance:Com.wbl.Test.Priority@215be6bb]" name="getTest" duration-ms="3" started-at="2019-09-22T13:27:31Z" finished-at="2019-09-22T13:27:31Z">
          <reporter-output>
          </reporter-output>
        </test-method> <!-- getTest -->
      </class> <!-- Com.wbl.Test.Priority -->
      <class name="Com.wbl.Test.DataprovidrClass">
        <test-method status="PASS" signature="dataCheck(java.lang.String, java.lang.String, java.lang.String)[pri:0, instance:Com.wbl.Test.DataprovidrClass@32d992b2]" name="dataCheck" duration-ms="15" started-at="2019-09-22T13:27:31Z" data-provider="login" finished-at="2019-09-22T13:27:31Z">
          <params>
            <param index="0">
              <value>
                <![CDATA[pqr@gmail.com]]>
              </value>
            </param>
            <param index="1">
              <value>
                <![CDATA[pqr]]>
              </value>
            </param>
            <param index="2">
              <value>
                <![CDATA[sucess]]>
              </value>
            </param>
          </params>
          <reporter-output>
          </reporter-output>
        </test-method> <!-- dataCheck -->
        <test-method status="PASS" signature="dataCheck(java.lang.String, java.lang.String, java.lang.String)[pri:0, instance:Com.wbl.Test.DataprovidrClass@32d992b2]" name="dataCheck" duration-ms="6" started-at="2019-09-22T13:27:31Z" data-provider="login" finished-at="2019-09-22T13:27:31Z">
          <params>
            <param index="0">
              <value>
                <![CDATA[xyz@gmail.com]]>
              </value>
            </param>
            <param index="1">
              <value>
                <![CDATA[abc]]>
              </value>
            </param>
            <param index="2">
              <value>
                <![CDATA[failure]]>
              </value>
            </param>
          </params>
          <reporter-output>
          </reporter-output>
        </test-method> <!-- dataCheck -->
      </class> <!-- Com.wbl.Test.DataprovidrClass -->
    </test> <!-- Method Test Cases -->
  </suite> <!-- Sample Test Suite -->
</testng-results>
